<?xml version="1.0" encoding="UTF-8"?>
<testsuite xmlns:xsi="http://www.w3.org/2001/XMLSchema-instance" xsi:noNamespaceSchemaLocation="https://maven.apache.org/surefire/maven-surefire-plugin/xsd/surefire-test-report.xsd" version="3.0.2" name="com.swarga.Kartwala.KartwalaApplicationTests" time="19.407" tests="1" errors="0" skipped="0" failures="0">
  <properties>
[...]
</properties>
  <testcase name="contextLoads" classname="com.swarga.Kartwala.KartwalaApplicationTests" time="0.333">
    <system-out><![CDATA[2026-05-25 23:02:03 [main] INFO  org.springframework.test.context.support.AnnotationConfigContextLoaderUtils - Could not detect default configuration classes for test class [com.swarga.Kartwala.KartwalaApplicationTests]: KartwalaApplicationTests does not declare any static, non-private, non-final, nested classes annotated with @Configuration.
2026-05-25 23:02:03 [main] INFO  org.springframework.boot.test.context.SpringBootTestContextBootstrapper - Found @SpringBootConfiguration com.swarga.Kartwala.KartwalaApplication for test class com.swarga.Kartwala.KartwalaApplicationTests
2026-05-25 23:02:03 [main] INFO  org.springframework.boot.devtools.restart.RestartApplicationListener - Restart disabled due to context in which it is running

  .   ____          _            __ _ _
 /\\ / ___'_ __ _ _(_)_ __  __ _ \ \ \ \
( ( )\___ | '_ | '_| | '_ \/ _` | \ \ \ \
 \\/  ___)| |_)| | | | | || (_| |  ) ) ) )
  '  |____| .__|_| |_|_| |_\__, | / / / /
 =========|_|==============|___/=/_/_/_/

 :: Spring Boot ::                (v3.4.5)

2026-05-25 23:02:03 [background-preinit] INFO  org.hibernate.validator.internal.util.Version - HV000001: Hibernate Validator 8.0.2.Final
2026-05-25 23:02:03 [main] INFO  com.swarga.Kartwala.KartwalaApplicationTests - Starting KartwalaApplicationTests using Java 21.0.7 with PID 66093 (started by swargasarkar in /Users/swargasarkar/Documents/workspace-spring-tool-suite-4-4.20.1.RELEASE/Kartwala)
2026-05-25 23:02:03 [main] INFO  com.swarga.Kartwala.KartwalaApplicationTests - No active profile set, falling back to 1 default profile: "default"
2026-05-25 23:02:04 [main] INFO  org.springframework.data.repository.config.RepositoryConfigurationDelegate - Bootstrapping Spring Data JPA repositories in DEFAULT mode.
2026-05-25 23:02:04 [main] INFO  org.springframework.data.repository.config.RepositoryConfigurationDelegate - Finished Spring Data repository scanning in 44 ms. Found 10 JPA repository interfaces.
2026-05-25 23:02:04 [main] INFO  org.hibernate.jpa.internal.util.LogHelper - HHH000204: Processing PersistenceUnitInfo [name: default]
2026-05-25 23:02:04 [main] INFO  org.hibernate.Version - HHH000412: Hibernate ORM core version 6.6.13.Final
2026-05-25 23:02:04 [main] INFO  org.hibernate.cache.internal.RegionFactoryInitiator - HHH000026: Second-level cache disabled
2026-05-25 23:02:04 [main] INFO  org.springframework.orm.jpa.persistenceunit.SpringPersistenceUnitInfo - No LoadTimeWeaver setup: ignoring JPA class transformer
2026-05-25 23:02:04 [main] INFO  com.zaxxer.hikari.HikariDataSource - HikariPool-1 - Starting...
2026-05-25 23:02:06 [main] INFO  com.zaxxer.hikari.pool.HikariPool - HikariPool-1 - Added connection org.postgresql.jdbc.PgConnection@7507d96c
2026-05-25 23:02:06 [main] INFO  com.zaxxer.hikari.HikariDataSource - HikariPool-1 - Start completed.
2026-05-25 23:02:07 [main] WARN  org.hibernate.orm.deprecation - HHH90000025: PostgreSQLDialect does not need to be specified explicitly using 'hibernate.dialect' (remove the property setting and it will be selected by default)
2026-05-25 23:02:07 [main] INFO  org.hibernate.orm.connections.pooling - HHH10001005: Database info:
	Database JDBC URL [Connecting through datasource 'HikariDataSource (HikariPool-1)']
	Database driver: undefined/unknown
	Database version: 18.3
	Autocommit mode: undefined/unknown
	Isolation level: undefined/unknown
	Minimum pool size: undefined/unknown
	Maximum pool size: undefined/unknown
2026-05-25 23:02:08 [main] INFO  org.hibernate.engine.transaction.jta.platform.internal.JtaPlatformInitiator - HHH000489: No JTA platform available (set 'hibernate.transaction.jta.platform' to enable JTA platform integration)
2026-05-25 23:02:15 [main] INFO  org.springframework.orm.jpa.LocalContainerEntityManagerFactoryBean - Initialized JPA EntityManagerFactory for persistence unit 'default'
2026-05-25 23:02:16 [main] INFO  org.springframework.data.jpa.repository.query.QueryEnhancerFactory - Hibernate is in classpath; If applicable, HQL parser will be used.
2026-05-25 23:02:16 [main] INFO  org.springframework.security.config.annotation.authentication.configuration.InitializeAuthenticationProviderBeanManagerConfigurer$InitializeAuthenticationProviderManagerConfigurer - Global AuthenticationManager configured with AuthenticationProvider bean with name authenticationProvider
2026-05-25 23:02:16 [main] WARN  org.springframework.security.config.annotation.authentication.configuration.InitializeUserDetailsBeanManagerConfigurer$InitializeUserDetailsManagerConfigurer - Global AuthenticationManager configured with an AuthenticationProvider bean. UserDetailsService beans will not be used by Spring Security for automatically configuring username/password login. Consider removing the AuthenticationProvider bean. Alternatively, consider using the UserDetailsService in a manually instantiated DaoAuthenticationProvider. If the current configuration is intentional, to turn off this warning, increase the logging level of 'org.springframework.security.config.annotation.authentication.configuration.InitializeUserDetailsBeanManagerConfigurer' to ERROR
2026-05-25 23:02:16 [main] WARN  org.springframework.boot.autoconfigure.orm.jpa.JpaBaseConfiguration$JpaWebConfiguration - spring.jpa.open-in-view is enabled by default. Therefore, database queries may be performed during view rendering. Explicitly configure spring.jpa.open-in-view to disable this warning
2026-05-25 23:02:16 [main] WARN  org.springframework.security.config.annotation.web.builders.WebSecurity - You are asking Spring Security to ignore Deferred [Mvc [pattern='/v2/api-docs'], Ant [pattern='/v2/api-docs']]. This is not recommended -- please use permitAll via HttpSecurity#authorizeHttpRequests instead.
2026-05-25 23:02:16 [main] WARN  org.springframework.security.config.annotation.web.builders.WebSecurity - You are asking Spring Security to ignore Deferred [Mvc [pattern='/configuration/ui'], Ant [pattern='/configuration/ui']]. This is not recommended -- please use permitAll via HttpSecurity#authorizeHttpRequests instead.
2026-05-25 23:02:16 [main] WARN  org.springframework.security.config.annotation.web.builders.WebSecurity - You are asking Spring Security to ignore Deferred [Mvc [pattern='/swagger-resources/**'], Ant [pattern='/swagger-resources/**']]. This is not recommended -- please use permitAll via HttpSecurity#authorizeHttpRequests instead.
2026-05-25 23:02:16 [main] WARN  org.springframework.security.config.annotation.web.builders.WebSecurity - You are asking Spring Security to ignore Deferred [Mvc [pattern='/configuration/security'], Ant [pattern='/configuration/security']]. This is not recommended -- please use permitAll via HttpSecurity#authorizeHttpRequests instead.
2026-05-25 23:02:16 [main] WARN  org.springframework.security.config.annotation.web.builders.WebSecurity - You are asking Spring Security to ignore Deferred [Mvc [pattern='/swagger-ui.html'], Ant [pattern='/swagger-ui.html']]. This is not recommended -- please use permitAll via HttpSecurity#authorizeHttpRequests instead.
2026-05-25 23:02:16 [main] WARN  org.springframework.security.config.annotation.web.builders.WebSecurity - You are asking Spring Security to ignore Deferred [Mvc [pattern='/webjars/**'], Ant [pattern='/webjars/**']]. This is not recommended -- please use permitAll via HttpSecurity#authorizeHttpRequests instead.
2026-05-25 23:02:17 [main] INFO  com.swarga.Kartwala.KartwalaApplicationTests - Started KartwalaApplicationTests in 13.399 seconds (process running for 14.104)
Hibernate: 
    select
        r1_0.role_id,
        r1_0.role_name 
    from
        roles r1_0 
    where
        r1_0.role_name=?
Hibernate: 
    select
        r1_0.role_id,
        r1_0.role_name 
    from
        roles r1_0 
    where
        r1_0.role_name=?
Hibernate: 
    select
        r1_0.role_id,
        r1_0.role_name 
    from
        roles r1_0 
    where
        r1_0.role_name=?
Hibernate: 
    select
        u1_0.user_id 
    from
        users u1_0 
    where
        u1_0.username=? 
    fetch
        first ? rows only
Hibernate: 
    select
        u1_0.user_id 
    from
        users u1_0 
    where
        u1_0.username=? 
    fetch
        first ? rows only
Hibernate: 
    select
        u1_0.user_id 
    from
        users u1_0 
    where
        u1_0.username=? 
    fetch
        first ? rows only
Hibernate: 
    select
        u1_0.user_id,
        u1_0.email,
        u1_0.password,
        u1_0.username 
    from
        users u1_0 
    where
        u1_0.username=?
Hibernate: 
    select
        c1_0.cart_id,
        c1_0.total_price,
        u1_0.user_id,
        u1_0.email,
        u1_0.password,
        r1_0.user_id,
        r1_1.role_id,
        r1_1.role_name,
        u1_0.username 
    from
        carts c1_0 
    left join
        users u1_0 
            on u1_0.user_id=c1_0.user_id 
    left join
        user_role r1_0 
            on u1_0.user_id=r1_0.user_id 
    left join
        roles r1_1 
            on r1_1.role_id=r1_0.role_id 
    where
        c1_0.user_id=?
Hibernate: 
    select
        r1_0.user_id,
        r1_1.role_id,
        r1_1.role_name 
    from
        user_role r1_0 
    join
        roles r1_1 
            on r1_1.role_id=r1_0.role_id 
    where
        r1_0.user_id=?
Hibernate: 
    select
        u1_0.user_id,
        c1_0.cart_id,
        c1_0.total_price,
        ci1_0.cart_id,
        ci1_0.cart_item_id,
        ci1_0.discount,
        p1_0.product_id,
        p1_0.category_id,
        c2_0.category_id,
        c2_0.category_name,
        p1_0.description,
        p1_0.discount,
        p1_0.image,
        p1_0.price,
        p1_0.product_name,
        p1_0.quantity,
        p1_0.special_price,
        u2_0.user_id,
        u2_0.email,
        u2_0.password,
        u2_0.username,
        ci1_0.product_price,
        ci1_0.quantity,
        u1_0.email,
        u1_0.password,
        u1_0.username 
    from
        users u1_0 
    left join
        carts c1_0 
            on u1_0.user_id=c1_0.user_id 
    left join
        cart_items ci1_0 
            on c1_0.cart_id=ci1_0.cart_id 
    left join
        products p1_0 
            on p1_0.product_id=ci1_0.product_id 
    left join
        categories c2_0 
            on c2_0.category_id=p1_0.category_id 
    left join
        users u2_0 
            on u2_0.user_id=p1_0.seller_id 
    where
        u1_0.user_id=?
Hibernate: 
    select
        r1_0.user_id,
        r1_1.role_id,
        r1_1.role_name 
    from
        user_role r1_0 
    join
        roles r1_1 
            on r1_1.role_id=r1_0.role_id 
    where
        r1_0.user_id=?
Hibernate: 
    select
        p1_0.seller_id,
        p1_0.product_id,
        p1_0.category_id,
        c1_0.category_id,
        c1_0.category_name,
        p1_0.description,
        p1_0.discount,
        p1_0.image,
        p1_0.price,
        p1_0.product_name,
        p1_0.quantity,
        p1_0.special_price,
        ci1_0.product_id,
        ci1_0.cart_item_id,
        c2_0.cart_id,
        c2_0.total_price,
        u2_0.user_id,
        u2_0.email,
        u2_0.password,
        u2_0.username,
        ci1_0.discount,
        ci1_0.product_price,
        ci1_0.quantity 
    from
        products p1_0 
    left join
        categories c1_0 
            on c1_0.category_id=p1_0.category_id 
    left join
        cart_items ci1_0 
            on p1_0.product_id=ci1_0.product_id 
    left join
        carts c2_0 
            on c2_0.cart_id=ci1_0.cart_id 
    left join
        users u2_0 
            on u2_0.user_id=c2_0.user_id 
    where
        p1_0.seller_id=?
Hibernate: 
    select
        a1_0.user_id,
        a1_0.address_id,
        a1_0.building_name,
        a1_0.city,
        a1_0.country,
        a1_0.pincode,
        a1_0.state,
        a1_0.street 
    from
        addresses a1_0 
    where
        a1_0.user_id=?
Hibernate: 
    select
        u1_0.user_id,
        u1_0.email,
        u1_0.password,
        u1_0.username 
    from
        users u1_0 
    where
        u1_0.username=?
Hibernate: 
    select
        c1_0.cart_id,
        c1_0.total_price,
        u1_0.user_id,
        u1_0.email,
        u1_0.password,
        r1_0.user_id,
        r1_1.role_id,
        r1_1.role_name,
        u1_0.username 
    from
        carts c1_0 
    left join
        users u1_0 
            on u1_0.user_id=c1_0.user_id 
    left join
        user_role r1_0 
            on u1_0.user_id=r1_0.user_id 
    left join
        roles r1_1 
            on r1_1.role_id=r1_0.role_id 
    where
        c1_0.user_id=?
Hibernate: 
    select
        r1_0.user_id,
        r1_1.role_id,
        r1_1.role_name 
    from
        user_role r1_0 
    join
        roles r1_1 
            on r1_1.role_id=r1_0.role_id 
    where
        r1_0.user_id=?
Hibernate: 
    select
        u1_0.user_id,
        c1_0.cart_id,
        c1_0.total_price,
        ci1_0.cart_id,
        ci1_0.cart_item_id,
        ci1_0.discount,
        p1_0.product_id,
        p1_0.category_id,
        c2_0.category_id,
        c2_0.category_name,
        p1_0.description,
        p1_0.discount,
        p1_0.image,
        p1_0.price,
        p1_0.product_name,
        p1_0.quantity,
        p1_0.special_price,
        u2_0.user_id,
        u2_0.email,
        u2_0.password,
        u2_0.username,
        ci1_0.product_price,
        ci1_0.quantity,
        u1_0.email,
        u1_0.password,
        u1_0.username 
    from
        users u1_0 
    left join
        carts c1_0 
            on u1_0.user_id=c1_0.user_id 
    left join
        cart_items ci1_0 
            on c1_0.cart_id=ci1_0.cart_id 
    left join
        products p1_0 
            on p1_0.product_id=ci1_0.product_id 
    left join
        categories c2_0 
            on c2_0.category_id=p1_0.category_id 
    left join
        users u2_0 
            on u2_0.user_id=p1_0.seller_id 
    where
        u1_0.user_id=?
Hibernate: 
    select
        r1_0.user_id,
        r1_1.role_id,
        r1_1.role_name 
    from
        user_role r1_0 
    join
        roles r1_1 
            on r1_1.role_id=r1_0.role_id 
    where
        r1_0.user_id=?
Hibernate: 
    select
        p1_0.seller_id,
        p1_0.product_id,
        p1_0.category_id,
        c1_0.category_id,
        c1_0.category_name,
        p1_0.description,
        p1_0.discount,
        p1_0.image,
        p1_0.price,
        p1_0.product_name,
        p1_0.quantity,
        p1_0.special_price,
        ci1_0.product_id,
        ci1_0.cart_item_id,
        c2_0.cart_id,
        c2_0.total_price,
        u2_0.user_id,
        u2_0.email,
        u2_0.password,
        u2_0.username,
        ci1_0.discount,
        ci1_0.product_price,
        ci1_0.quantity 
    from
        products p1_0 
    left join
        categories c1_0 
            on c1_0.category_id=p1_0.category_id 
    left join
        cart_items ci1_0 
            on p1_0.product_id=ci1_0.product_id 
    left join
        carts c2_0 
            on c2_0.cart_id=ci1_0.cart_id 
    left join
        users u2_0 
            on u2_0.user_id=c2_0.user_id 
    where
        p1_0.seller_id=?
Hibernate: 
    select
        a1_0.user_id,
        a1_0.address_id,
        a1_0.building_name,
        a1_0.city,
        a1_0.country,
        a1_0.pincode,
        a1_0.state,
        a1_0.street 
    from
        addresses a1_0 
    where
        a1_0.user_id=?
Hibernate: 
    select
        u1_0.user_id,
        u1_0.email,
        u1_0.password,
        u1_0.username 
    from
        users u1_0 
    where
        u1_0.username=?
Hibernate: 
    select
        c1_0.cart_id,
        c1_0.total_price,
        u1_0.user_id,
        u1_0.email,
        u1_0.password,
        r1_0.user_id,
        r1_1.role_id,
        r1_1.role_name,
        u1_0.username 
    from
        carts c1_0 
    left join
        users u1_0 
            on u1_0.user_id=c1_0.user_id 
    left join
        user_role r1_0 
            on u1_0.user_id=r1_0.user_id 
    left join
        roles r1_1 
            on r1_1.role_id=r1_0.role_id 
    where
        c1_0.user_id=?
Hibernate: 
    select
        r1_0.user_id,
        r1_1.role_id,
        r1_1.role_name 
    from
        user_role r1_0 
    join
        roles r1_1 
            on r1_1.role_id=r1_0.role_id 
    where
        r1_0.user_id=?
Hibernate: 
    select
        u1_0.user_id,
        c1_0.cart_id,
        c1_0.total_price,
        ci1_0.cart_id,
        ci1_0.cart_item_id,
        ci1_0.discount,
        p1_0.product_id,
        p1_0.category_id,
        c2_0.category_id,
        c2_0.category_name,
        p1_0.description,
        p1_0.discount,
        p1_0.image,
        p1_0.price,
        p1_0.product_name,
        p1_0.quantity,
        p1_0.special_price,
        u2_0.user_id,
        u2_0.email,
        u2_0.password,
        u2_0.username,
        ci1_0.product_price,
        ci1_0.quantity,
        u1_0.email,
        u1_0.password,
        u1_0.username 
    from
        users u1_0 
    left join
        carts c1_0 
            on u1_0.user_id=c1_0.user_id 
    left join
        cart_items ci1_0 
            on c1_0.cart_id=ci1_0.cart_id 
    left join
        products p1_0 
            on p1_0.product_id=ci1_0.product_id 
    left join
        categories c2_0 
            on c2_0.category_id=p1_0.category_id 
    left join
        users u2_0 
            on u2_0.user_id=p1_0.seller_id 
    where
        u1_0.user_id=?
Hibernate: 
    select
        r1_0.user_id,
        r1_1.role_id,
        r1_1.role_name 
    from
        user_role r1_0 
    join
        roles r1_1 
            on r1_1.role_id=r1_0.role_id 
    where
        r1_0.user_id=?
Hibernate: 
    select
        p1_0.seller_id,
        p1_0.product_id,
        p1_0.category_id,
        c1_0.category_id,
        c1_0.category_name,
        p1_0.description,
        p1_0.discount,
        p1_0.image,
        p1_0.price,
        p1_0.product_name,
        p1_0.quantity,
        p1_0.special_price,
        ci1_0.product_id,
        ci1_0.cart_item_id,
        c2_0.cart_id,
        c2_0.total_price,
        u2_0.user_id,
        u2_0.email,
        u2_0.password,
        u2_0.username,
        ci1_0.discount,
        ci1_0.product_price,
        ci1_0.quantity 
    from
        products p1_0 
    left join
        categories c1_0 
            on c1_0.category_id=p1_0.category_id 
    left join
        cart_items ci1_0 
            on p1_0.product_id=ci1_0.product_id 
    left join
        carts c2_0 
            on c2_0.cart_id=ci1_0.cart_id 
    left join
        users u2_0 
            on u2_0.user_id=c2_0.user_id 
    where
        p1_0.seller_id=?
Hibernate: 
    select
        a1_0.user_id,
        a1_0.address_id,
        a1_0.building_name,
        a1_0.city,
        a1_0.country,
        a1_0.pincode,
        a1_0.state,
        a1_0.street 
    from
        addresses a1_0 
    where
        a1_0.user_id=?
]]></system-out>
    <system-err><![CDATA[Mockito is currently self-attaching to enable the inline-mock-maker. This will no longer work in future releases of the JDK. Please add Mockito as an agent to your build what is described in Mockito's documentation: https://javadoc.io/doc/org.mockito/mockito-core/latest/org/mockito/Mockito.html#0.3
WARNING: A Java agent has been loaded dynamically (/Users/swargasarkar/.m2/repository/net/bytebuddy/byte-buddy-agent/1.15.11/byte-buddy-agent-1.15.11.jar)
WARNING: If a serviceability tool is in use, please run with -XX:+EnableDynamicAgentLoading to hide this warning
WARNING: If a serviceability tool is not in use, please run with -Djdk.instrument.traceUsage for more information
WARNING: Dynamic loading of agents will be disallowed by default in a future release
]]></system-err>
  </testcase>
</testsuite>